  [1m[35m (213.3ms)[0m  [1m[35mCREATE DATABASE "products_reviews_app_api_development" ENCODING = 'unicode'[0m
  [1m[35m (197.0ms)[0m  [1m[35mCREATE DATABASE "products_reviews_app_api_test" ENCODING = 'unicode'[0m
  [1m[35m (5.0ms)[0m  [1m[35mCREATE DATABASE "products_reviews_app_api_development" ENCODING = 'unicode'[0m
  [1m[35m (0.5ms)[0m  [1m[35mCREATE DATABASE "products_reviews_app_api_test" ENCODING = 'unicode'[0m
  [1m[35m (35.9ms)[0m  [1m[35mCREATE TABLE "schema_migrations" ("version" character varying NOT NULL PRIMARY KEY)[0m
  [1m[35m (4.4ms)[0m  [1m[35mCREATE TABLE "ar_internal_metadata" ("key" character varying NOT NULL PRIMARY KEY, "value" character varying, "created_at" timestamp(6) NOT NULL, "updated_at" timestamp(6) NOT NULL)[0m
  [1m[35m (0.8ms)[0m  [1m[34mSELECT pg_try_advisory_lock(2521839031379147655)[0m
  [1m[35m (2.9ms)[0m  [1m[34mSELECT "schema_migrations"."version" FROM "schema_migrations" ORDER BY "schema_migrations"."version" ASC[0m
Migrating to CreateProducts (20210225022127)
  [1m[36mTRANSACTION (0.6ms)[0m  [1m[35mBEGIN[0m
  [1m[35m (14.5ms)[0m  [1m[35mCREATE TABLE "products" ("id" bigserial primary key, "name" character varying, "price" integer, "img" character varying, "created_at" timestamp(6) NOT NULL, "updated_at" timestamp(6) NOT NULL)[0m
  [1m[36mActiveRecord::SchemaMigration Create (8.4ms)[0m  [1m[32mINSERT INTO "schema_migrations" ("version") VALUES ($1) RETURNING "version"[0m  [["version", "20210225022127"]]
  [1m[36mTRANSACTION (1.2ms)[0m  [1m[35mCOMMIT[0m
  [1m[36mActiveRecord::InternalMetadata Load (2.5ms)[0m  [1m[34mSELECT "ar_internal_metadata".* FROM "ar_internal_metadata" WHERE "ar_internal_metadata"."key" = $1 LIMIT $2[0m  [["key", "environment"], ["LIMIT", 1]]
  [1m[36mTRANSACTION (0.9ms)[0m  [1m[35mBEGIN[0m
  [1m[36mActiveRecord::InternalMetadata Create (16.0ms)[0m  [1m[32mINSERT INTO "ar_internal_metadata" ("key", "value", "created_at", "updated_at") VALUES ($1, $2, $3, $4) RETURNING "key"[0m  [["key", "environment"], ["value", "development"], ["created_at", "2021-02-25 02:36:26.349160"], ["updated_at", "2021-02-25 02:36:26.349160"]]
  [1m[36mTRANSACTION (1.5ms)[0m  [1m[35mCOMMIT[0m
  [1m[35m (0.8ms)[0m  [1m[34mSELECT pg_advisory_unlock(2521839031379147655)[0m
  [1m[35m (1.7ms)[0m  [1m[34mSELECT "schema_migrations"."version" FROM "schema_migrations" ORDER BY "schema_migrations"."version" ASC[0m
  [1m[35m (1.3ms)[0m  [1m[34mSELECT "schema_migrations"."version" FROM "schema_migrations" ORDER BY "schema_migrations"."version" ASC[0m
  [1m[36mTRANSACTION (0.2ms)[0m  [1m[35mBEGIN[0m
  [1m[36mProduct Create (2.2ms)[0m  [1m[32mINSERT INTO "products" ("name", "price", "img", "created_at", "updated_at") VALUES ($1, $2, $3, $4, $5) RETURNING "id"[0m  [["name", "Car"], ["price", 20000], ["img", "http://www.gowithgo.net/wp-content/uploads/2011/07/Flintstone_Mobile-150x150.jpg"], ["created_at", "2021-02-25 02:42:48.855589"], ["updated_at", "2021-02-25 02:42:48.855589"]]
  [1m[36mTRANSACTION (0.4ms)[0m  [1m[35mCOMMIT[0m
  [1m[36mTRANSACTION (2.4ms)[0m  [1m[35mBEGIN[0m
  [1m[36mProduct Create (0.6ms)[0m  [1m[32mINSERT INTO "products" ("name", "price", "img", "created_at", "updated_at") VALUES ($1, $2, $3, $4, $5) RETURNING "id"[0m  [["name", "Cat"], ["price", 100], ["img", "http://animagehub.com/wp-content/uploads/2016/10/Pink-panther-vector-5-150x150.jpg"], ["created_at", "2021-02-25 02:42:48.865163"], ["updated_at", "2021-02-25 02:42:48.865163"]]
  [1m[36mTRANSACTION (0.4ms)[0m  [1m[35mCOMMIT[0m
  [1m[36mTRANSACTION (0.1ms)[0m  [1m[35mBEGIN[0m
  [1m[36mProduct Create (0.4ms)[0m  [1m[32mINSERT INTO "products" ("name", "price", "img", "created_at", "updated_at") VALUES ($1, $2, $3, $4, $5) RETURNING "id"[0m  [["name", "Crab"], ["price", 2], ["img", "http://scontent.cdninstagram.com/t51.2885-19/s150x150/13402342_1111471978911960_1380878568_a.jpg"], ["created_at", "2021-02-25 02:42:48.872919"], ["updated_at", "2021-02-25 02:42:48.872919"]]
  [1m[36mTRANSACTION (0.3ms)[0m  [1m[35mCOMMIT[0m
  [1m[36mTRANSACTION (0.1ms)[0m  [1m[35mBEGIN[0m
  [1m[36mProduct Create (0.4ms)[0m  [1m[32mINSERT INTO "products" ("name", "price", "img", "created_at", "updated_at") VALUES ($1, $2, $3, $4, $5) RETURNING "id"[0m  [["name", "Crib"], ["price", 200], ["img", "https://s-media-cache-ak0.pinimg.com/originals/99/29/ee/9929eef9086e07bd7e50102bc37ff3a8.jpg"], ["created_at", "2021-02-25 02:42:48.877412"], ["updated_at", "2021-02-25 02:42:48.877412"]]
  [1m[36mTRANSACTION (0.4ms)[0m  [1m[35mCOMMIT[0m
  [1m[36mTRANSACTION (0.2ms)[0m  [1m[35mBEGIN[0m
  [1m[36mProduct Create (0.4ms)[0m  [1m[32mINSERT INTO "products" ("name", "price", "img", "created_at", "updated_at") VALUES ($1, $2, $3, $4, $5) RETURNING "id"[0m  [["name", "Coat"], ["price", 200], ["img", "http://cooljunkyouneed.com/4548/uploads/2014/02/Workaholics-Bear-Coat-150x150.jpg"], ["created_at", "2021-02-25 02:42:48.881389"], ["updated_at", "2021-02-25 02:42:48.881389"]]
  [1m[36mTRANSACTION (0.4ms)[0m  [1m[35mCOMMIT[0m
  [1m[36mTRANSACTION (0.1ms)[0m  [1m[35mBEGIN[0m
  [1m[36mProduct Create (0.5ms)[0m  [1m[32mINSERT INTO "products" ("name", "price", "img", "created_at", "updated_at") VALUES ($1, $2, $3, $4, $5) RETURNING "id"[0m  [["name", "Cake"], ["price", 3], ["img", "http://scontent.cdninstagram.com/t51.2885-19/s150x150/11356601_447610668772561_439752401_a.jpg"], ["created_at", "2021-02-25 02:42:48.885837"], ["updated_at", "2021-02-25 02:42:48.885837"]]
  [1m[36mTRANSACTION (0.4ms)[0m  [1m[35mCOMMIT[0m
  [1m[36mTRANSACTION (0.1ms)[0m  [1m[35mBEGIN[0m
  [1m[36mProduct Create (0.4ms)[0m  [1m[32mINSERT INTO "products" ("name", "price", "img", "created_at", "updated_at") VALUES ($1, $2, $3, $4, $5) RETURNING "id"[0m  [["name", "Concussion"], ["price", 0], ["img", "http://youngmenshealthsite.org/wp-content/uploads/2015/05/concussion1-150x150.jpg"], ["created_at", "2021-02-25 02:42:48.890329"], ["updated_at", "2021-02-25 02:42:48.890329"]]
  [1m[36mTRANSACTION (0.4ms)[0m  [1m[35mCOMMIT[0m
  [1m[36mTRANSACTION (0.1ms)[0m  [1m[35mBEGIN[0m
  [1m[36mProduct Create (0.4ms)[0m  [1m[32mINSERT INTO "products" ("name", "price", "img", "created_at", "updated_at") VALUES ($1, $2, $3, $4, $5) RETURNING "id"[0m  [["name", "Coal"], ["price", 1], ["img", "http://www.whitecatpublications.com/wp-content/uploads/2010/12/lump-of-coal-150x150.jpg"], ["created_at", "2021-02-25 02:42:48.894630"], ["updated_at", "2021-02-25 02:42:48.894630"]]
  [1m[36mTRANSACTION (0.5ms)[0m  [1m[35mCOMMIT[0m
  [1m[36mTRANSACTION (0.1ms)[0m  [1m[35mBEGIN[0m
  [1m[36mProduct Create (0.4ms)[0m  [1m[32mINSERT INTO "products" ("name", "price", "img", "created_at", "updated_at") VALUES ($1, $2, $3, $4, $5) RETURNING "id"[0m  [["name", "Cyclone"], ["price", 70000], ["img", "https://upload.wikimedia.org/wikipedia/commons/thumb/4/47/Cyclone_Mala.JPG/150px-Cyclone_Mala.JPG"], ["created_at", "2021-02-25 02:42:48.899026"], ["updated_at", "2021-02-25 02:42:48.899026"]]
  [1m[36mTRANSACTION (0.4ms)[0m  [1m[35mCOMMIT[0m
  [1m[36mTRANSACTION (0.3ms)[0m  [1m[35mBEGIN[0m
  [1m[36mProduct Create (0.4ms)[0m  [1m[32mINSERT INTO "products" ("name", "price", "img", "created_at", "updated_at") VALUES ($1, $2, $3, $4, $5) RETURNING "id"[0m  [["name", "Career"], ["price", 13500], ["img", "http://waterfordwhispersnews.com/wp-content/uploads/2014/10/happy-worker-e1412334561186-150x150.jpg"], ["created_at", "2021-02-25 02:42:48.915396"], ["updated_at", "2021-02-25 02:42:48.915396"]]
  [1m[36mTRANSACTION (0.4ms)[0m  [1m[35mCOMMIT[0m
  [1m[36mTRANSACTION (0.1ms)[0m  [1m[35mBEGIN[0m
  [1m[36mProduct Create (0.3ms)[0m  [1m[32mINSERT INTO "products" ("name", "price", "img", "created_at", "updated_at") VALUES ($1, $2, $3, $4, $5) RETURNING "id"[0m  [["name", "Cillian Murphy"], ["price", 400], ["img", "http://static.buzznet.com/uploads/2012/03/msg-133176055505-150x150.jpg"], ["created_at", "2021-02-25 02:42:48.920506"], ["updated_at", "2021-02-25 02:42:48.920506"]]
  [1m[36mTRANSACTION (0.4ms)[0m  [1m[35mCOMMIT[0m
  [1m[36mTRANSACTION (0.1ms)[0m  [1m[35mBEGIN[0m
  [1m[36mProduct Create (0.5ms)[0m  [1m[32mINSERT INTO "products" ("name", "price", "img", "created_at", "updated_at") VALUES ($1, $2, $3, $4, $5) RETURNING "id"[0m  [["name", "Climate Change"], ["price", 9], ["img", "http://scitechdaily.com/images/Detailed-Global-Climate-Change-Projections-150x150.jpg"], ["created_at", "2021-02-25 02:42:48.924869"], ["updated_at", "2021-02-25 02:42:48.924869"]]
  [1m[36mTRANSACTION (0.4ms)[0m  [1m[35mCOMMIT[0m
  [1m[35m (0.2ms)[0m  [1m[34mSELECT pg_try_advisory_lock(2521839031379147655)[0m
  [1m[35m (1.0ms)[0m  [1m[34mSELECT "schema_migrations"."version" FROM "schema_migrations" ORDER BY "schema_migrations"."version" ASC[0m
Migrating to CreateReviews (20210225030443)
  [1m[36mTRANSACTION (0.2ms)[0m  [1m[35mBEGIN[0m
  [1m[35m (10.2ms)[0m  [1m[35mCREATE TABLE "reviews" ("id" bigserial primary key, "title" character varying, "content" character varying, "author" character varying, "created_at" timestamp(6) NOT NULL, "updated_at" timestamp(6) NOT NULL)[0m
  [1m[36mActiveRecord::SchemaMigration Create (0.5ms)[0m  [1m[32mINSERT INTO "schema_migrations" ("version") VALUES ($1) RETURNING "version"[0m  [["version", "20210225030443"]]
  [1m[36mTRANSACTION (0.5ms)[0m  [1m[35mCOMMIT[0m
  [1m[36mActiveRecord::InternalMetadata Load (1.0ms)[0m  [1m[34mSELECT "ar_internal_metadata".* FROM "ar_internal_metadata" WHERE "ar_internal_metadata"."key" = $1 LIMIT $2[0m  [["key", "environment"], ["LIMIT", 1]]
  [1m[35m (0.3ms)[0m  [1m[34mSELECT pg_advisory_unlock(2521839031379147655)[0m
  [1m[35m (1.1ms)[0m  [1m[34mSELECT "schema_migrations"."version" FROM "schema_migrations" ORDER BY "schema_migrations"."version" ASC[0m
  [1m[35m (0.2ms)[0m  [1m[34mSELECT pg_try_advisory_lock(2521839031379147655)[0m
  [1m[35m (0.8ms)[0m  [1m[34mSELECT "schema_migrations"."version" FROM "schema_migrations" ORDER BY "schema_migrations"."version" ASC[0m
Migrating to AddProductIdToReviews (20210225034056)
  [1m[36mTRANSACTION (0.2ms)[0m  [1m[35mBEGIN[0m
  [1m[35m (4.8ms)[0m  [1m[35mALTER TABLE "reviews" ADD "product_id" integer[0m
  [1m[36mActiveRecord::SchemaMigration Create (0.6ms)[0m  [1m[32mINSERT INTO "schema_migrations" ("version") VALUES ($1) RETURNING "version"[0m  [["version", "20210225034056"]]
  [1m[36mTRANSACTION (0.9ms)[0m  [1m[35mCOMMIT[0m
  [1m[36mActiveRecord::InternalMetadata Load (0.4ms)[0m  [1m[34mSELECT "ar_internal_metadata".* FROM "ar_internal_metadata" WHERE "ar_internal_metadata"."key" = $1 LIMIT $2[0m  [["key", "environment"], ["LIMIT", 1]]
  [1m[35m (0.4ms)[0m  [1m[34mSELECT pg_advisory_unlock(2521839031379147655)[0m
  [1m[35m (0.9ms)[0m  [1m[34mSELECT "schema_migrations"."version" FROM "schema_migrations" ORDER BY "schema_migrations"."version" ASC[0m
  [1m[36mProduct Load (1.6ms)[0m  [1m[34mSELECT "products".* FROM "products" WHERE "products"."id" = $1 LIMIT $2[0m  [["id", 1], ["LIMIT", 1]]
  [1m[36mReview Load (1.2ms)[0m  [1m[34mSELECT "reviews".* FROM "reviews" WHERE "reviews"."product_id" = $1 /* loading for inspect */ LIMIT $2[0m  [["product_id", 1], ["LIMIT", 11]]
  [1m[36mProduct Load (1.0ms)[0m  [1m[34mSELECT "products".* FROM "products" WHERE "products"."id" = $1 LIMIT $2[0m  [["id", 1], ["LIMIT", 1]]
  [1m[36mReview Load (0.8ms)[0m  [1m[34mSELECT "reviews".* FROM "reviews" WHERE "reviews"."product_id" = $1[0m  [["product_id", 1]]
  [1m[35m (1.6ms)[0m  [1m[34mSELECT "schema_migrations"."version" FROM "schema_migrations" ORDER BY "schema_migrations"."version" ASC[0m
  [1m[36mTRANSACTION (0.3ms)[0m  [1m[35mBEGIN[0m
  [1m[36mProduct Create (2.2ms)[0m  [1m[32mINSERT INTO "products" ("name", "price", "img", "created_at", "updated_at") VALUES ($1, $2, $3, $4, $5) RETURNING "id"[0m  [["name", "Car"], ["price", 20000], ["img", "http://www.gowithgo.net/wp-content/uploads/2011/07/Flintstone_Mobile-150x150.jpg"], ["created_at", "2021-02-25 03:50:05.819289"], ["updated_at", "2021-02-25 03:50:05.819289"]]
  [1m[36mTRANSACTION (1.0ms)[0m  [1m[35mCOMMIT[0m
  [1m[36mTRANSACTION (0.2ms)[0m  [1m[35mBEGIN[0m
  [1m[36mProduct Create (0.6ms)[0m  [1m[32mINSERT INTO "products" ("name", "price", "img", "created_at", "updated_at") VALUES ($1, $2, $3, $4, $5) RETURNING "id"[0m  [["name", "Cat"], ["price", 100], ["img", "http://animagehub.com/wp-content/uploads/2016/10/Pink-panther-vector-5-150x150.jpg"], ["created_at", "2021-02-25 03:50:05.829480"], ["updated_at", "2021-02-25 03:50:05.829480"]]
  [1m[36mTRANSACTION (0.5ms)[0m  [1m[35mCOMMIT[0m
  [1m[36mTRANSACTION (0.2ms)[0m  [1m[35mBEGIN[0m
  [1m[36mProduct Create (0.6ms)[0m  [1m[32mINSERT INTO "products" ("name", "price", "img", "created_at", "updated_at") VALUES ($1, $2, $3, $4, $5) RETURNING "id"[0m  [["name", "Crab"], ["price", 2], ["img", "http://scontent.cdninstagram.com/t51.2885-19/s150x150/13402342_1111471978911960_1380878568_a.jpg"], ["created_at", "2021-02-25 03:50:05.836566"], ["updated_at", "2021-02-25 03:50:05.836566"]]
  [1m[36mTRANSACTION (0.5ms)[0m  [1m[35mCOMMIT[0m
  [1m[36mTRANSACTION (0.2ms)[0m  [1m[35mBEGIN[0m
  [1m[36mProduct Create (0.6ms)[0m  [1m[32mINSERT INTO "products" ("name", "price", "img", "created_at", "updated_at") VALUES ($1, $2, $3, $4, $5) RETURNING "id"[0m  [["name", "Crib"], ["price", 200], ["img", "https://s-media-cache-ak0.pinimg.com/originals/99/29/ee/9929eef9086e07bd7e50102bc37ff3a8.jpg"], ["created_at", "2021-02-25 03:50:05.843387"], ["updated_at", "2021-02-25 03:50:05.843387"]]
  [1m[36mTRANSACTION (0.5ms)[0m  [1m[35mCOMMIT[0m
  [1m[36mTRANSACTION (0.2ms)[0m  [1m[35mBEGIN[0m
  [1m[36mProduct Create (0.6ms)[0m  [1m[32mINSERT INTO "products" ("name", "price", "img", "created_at", "updated_at") VALUES ($1, $2, $3, $4, $5) RETURNING "id"[0m  [["name", "Coat"], ["price", 200], ["img", "http://cooljunkyouneed.com/4548/uploads/2014/02/Workaholics-Bear-Coat-150x150.jpg"], ["created_at", "2021-02-25 03:50:05.850170"], ["updated_at", "2021-02-25 03:50:05.850170"]]
  [1m[36mTRANSACTION (0.6ms)[0m  [1m[35mCOMMIT[0m
  [1m[36mTRANSACTION (0.2ms)[0m  [1m[35mBEGIN[0m
  [1m[36mProduct Create (0.6ms)[0m  [1m[32mINSERT INTO "products" ("name", "price", "img", "created_at", "updated_at") VALUES ($1, $2, $3, $4, $5) RETURNING "id"[0m  [["name", "Cake"], ["price", 3], ["img", "http://scontent.cdninstagram.com/t51.2885-19/s150x150/11356601_447610668772561_439752401_a.jpg"], ["created_at", "2021-02-25 03:50:05.857410"], ["updated_at", "2021-02-25 03:50:05.857410"]]
  [1m[36mTRANSACTION (0.6ms)[0m  [1m[35mCOMMIT[0m
  [1m[36mTRANSACTION (0.2ms)[0m  [1m[35mBEGIN[0m
  [1m[36mProduct Create (0.6ms)[0m  [1m[32mINSERT INTO "products" ("name", "price", "img", "created_at", "updated_at") VALUES ($1, $2, $3, $4, $5) RETURNING "id"[0m  [["name", "Concussion"], ["price", 0], ["img", "http://youngmenshealthsite.org/wp-content/uploads/2015/05/concussion1-150x150.jpg"], ["created_at", "2021-02-25 03:50:05.864220"], ["updated_at", "2021-02-25 03:50:05.864220"]]
  [1m[36mTRANSACTION (2.7ms)[0m  [1m[35mCOMMIT[0m
  [1m[36mTRANSACTION (0.4ms)[0m  [1m[35mBEGIN[0m
  [1m[36mProduct Create (0.8ms)[0m  [1m[32mINSERT INTO "products" ("name", "price", "img", "created_at", "updated_at") VALUES ($1, $2, $3, $4, $5) RETURNING "id"[0m  [["name", "Coal"], ["price", 1], ["img", "http://www.whitecatpublications.com/wp-content/uploads/2010/12/lump-of-coal-150x150.jpg"], ["created_at", "2021-02-25 03:50:05.892968"], ["updated_at", "2021-02-25 03:50:05.892968"]]
  [1m[36mTRANSACTION (0.6ms)[0m  [1m[35mCOMMIT[0m
  [1m[36mTRANSACTION (0.2ms)[0m  [1m[35mBEGIN[0m
  [1m[36mProduct Create (0.6ms)[0m  [1m[32mINSERT INTO "products" ("name", "price", "img", "created_at", "updated_at") VALUES ($1, $2, $3, $4, $5) RETURNING "id"[0m  [["name", "Cyclone"], ["price", 70000], ["img", "https://upload.wikimedia.org/wikipedia/commons/thumb/4/47/Cyclone_Mala.JPG/150px-Cyclone_Mala.JPG"], ["created_at", "2021-02-25 03:50:05.901219"], ["updated_at", "2021-02-25 03:50:05.901219"]]
  [1m[36mTRANSACTION (0.5ms)[0m  [1m[35mCOMMIT[0m
  [1m[36mTRANSACTION (0.4ms)[0m  [1m[35mBEGIN[0m
  [1m[36mProduct Create (0.6ms)[0m  [1m[32mINSERT INTO "products" ("name", "price", "img", "created_at", "updated_at") VALUES ($1, $2, $3, $4, $5) RETURNING "id"[0m  [["name", "Career"], ["price", 13500], ["img", "http://waterfordwhispersnews.com/wp-content/uploads/2014/10/happy-worker-e1412334561186-150x150.jpg"], ["created_at", "2021-02-25 03:50:05.908615"], ["updated_at", "2021-02-25 03:50:05.908615"]]
  [1m[36mTRANSACTION (0.5ms)[0m  [1m[35mCOMMIT[0m
  [1m[36mTRANSACTION (1.1ms)[0m  [1m[35mBEGIN[0m
  [1m[36mProduct Create (0.6ms)[0m  [1m[32mINSERT INTO "products" ("name", "price", "img", "created_at", "updated_at") VALUES ($1, $2, $3, $4, $5) RETURNING "id"[0m  [["name", "Cillian Murphy"], ["price", 400], ["img", "http://static.buzznet.com/uploads/2012/03/msg-133176055505-150x150.jpg"], ["created_at", "2021-02-25 03:50:05.916017"], ["updated_at", "2021-02-25 03:50:05.916017"]]
  [1m[36mTRANSACTION (0.5ms)[0m  [1m[35mCOMMIT[0m
  [1m[36mTRANSACTION (0.3ms)[0m  [1m[35mBEGIN[0m
  [1m[36mProduct Create (0.6ms)[0m  [1m[32mINSERT INTO "products" ("name", "price", "img", "created_at", "updated_at") VALUES ($1, $2, $3, $4, $5) RETURNING "id"[0m  [["name", "Climate Change"], ["price", 9], ["img", "http://scitechdaily.com/images/Detailed-Global-Climate-Change-Projections-150x150.jpg"], ["created_at", "2021-02-25 03:50:05.924220"], ["updated_at", "2021-02-25 03:50:05.924220"]]
  [1m[36mTRANSACTION (0.7ms)[0m  [1m[35mCOMMIT[0m
  [1m[36mProduct Load (0.8ms)[0m  [1m[34mSELECT "products".* FROM "products" WHERE "products"."id" = $1 LIMIT $2[0m  [["id", 1], ["LIMIT", 1]]
  [1m[36mReview Load (0.7ms)[0m  [1m[34mSELECT "reviews".* FROM "reviews" WHERE "reviews"."product_id" = $1[0m  [["product_id", 1]]
  [1m[36mProduct Load (0.8ms)[0m  [1m[34mSELECT "products".* FROM "products" WHERE "products"."id" = $1 LIMIT $2[0m  [["id", 1], ["LIMIT", 1]]
  [1m[36mTRANSACTION (0.2ms)[0m  [1m[35mBEGIN[0m
  [1m[36mReview Create (1.6ms)[0m  [1m[32mINSERT INTO "reviews" ("title", "content", "author", "created_at", "updated_at", "product_id") VALUES ($1, $2, $3, $4, $5, $6) RETURNING "id"[0m  [["title", "first review"], ["content", "not a bad product"], ["author", "Terminator 2"], ["created_at", "2021-02-25 03:53:46.872435"], ["updated_at", "2021-02-25 03:53:46.872435"], ["product_id", 1]]
  [1m[36mTRANSACTION (0.6ms)[0m  [1m[35mCOMMIT[0m
  [1m[36mProduct Load (0.7ms)[0m  [1m[34mSELECT "products".* FROM "products" WHERE "products"."id" = $1 LIMIT $2[0m  [["id", 1], ["LIMIT", 1]]
  [1m[36mTRANSACTION (0.2ms)[0m  [1m[35mBEGIN[0m
  [1m[36mReview Create (0.8ms)[0m  [1m[32mINSERT INTO "reviews" ("title", "author", "created_at", "updated_at", "product_id") VALUES ($1, $2, $3, $4, $5) RETURNING "id"[0m  [["title", "middling product I'd say"], ["author", "Chingy Right Thurr"], ["created_at", "2021-02-25 03:54:00.820892"], ["updated_at", "2021-02-25 03:54:00.820892"], ["product_id", 1]]
  [1m[36mTRANSACTION (0.6ms)[0m  [1m[35mCOMMIT[0m
  [1m[36mProduct Load (0.7ms)[0m  [1m[34mSELECT "products".* FROM "products" WHERE "products"."id" = $1 LIMIT $2[0m  [["id", 1], ["LIMIT", 1]]
  [1m[36mReview Load (0.5ms)[0m  [1m[34mSELECT "reviews".* FROM "reviews" WHERE "reviews"."product_id" = $1[0m  [["product_id", 1]]
Started GET "/" for ::1 at 2021-02-24 22:27:33 -0600
  [1m[35m (1.7ms)[0m  [1m[34mSELECT "schema_migrations"."version" FROM "schema_migrations" ORDER BY "schema_migrations"."version" ASC[0m
Processing by Rails::WelcomeController#index as HTML
  Rendering /Users/sean/.rbenv/versions/3.0.0/lib/ruby/gems/3.0.0/gems/railties-6.1.3/lib/rails/templates/rails/welcome/index.html.erb
  Rendered /Users/sean/.rbenv/versions/3.0.0/lib/ruby/gems/3.0.0/gems/railties-6.1.3/lib/rails/templates/rails/welcome/index.html.erb (Duration: 21.2ms | Allocations: 468)
Completed 200 OK in 71ms (Views: 42.7ms | ActiveRecord: 0.0ms | Allocations: 3963)


Started GET "/products/1/reviews" for ::1 at 2021-02-24 22:27:49 -0600
Processing by ReviewsController#index as HTML
  Parameters: {"product_id"=>"1"}
  [1m[36mProduct Load (1.2ms)[0m  [1m[34mSELECT "products".* FROM "products" WHERE "products"."id" = $1 LIMIT $2[0m  [["id", 1], ["LIMIT", 1]]
  ↳ app/controllers/reviews_controller.rb:6:in `index'
  [1m[36mReview Load (0.8ms)[0m  [1m[34mSELECT "reviews".* FROM "reviews" WHERE "reviews"."product_id" = $1[0m  [["product_id", 1]]
  ↳ app/controllers/reviews_controller.rb:8:in `index'
Completed 200 OK in 113ms (Views: 45.0ms | ActiveRecord: 22.6ms | Allocations: 13554)


Started POST "/products/1/reviews" for ::1 at 2021-02-24 22:46:22 -0600
Processing by ReviewsController#create as */*
  Parameters: {"title"=>"Hello", "content"=>"Hello Hello", "author"=>"Sean", "product_id"=>"1", "review"=>{"title"=>"Hello", "content"=>"Hello Hello", "author"=>"Sean"}}
Completed 500 Internal Server Error in 49ms (ActiveRecord: 18.7ms | Allocations: 3486)


  
NoMethodError (undefined method `save' for nil:NilClass):
  
app/controllers/reviews_controller.rb:17:in `create'
Started GET "/products/1/reviews" for ::1 at 2021-02-24 22:47:15 -0600
Processing by ReviewsController#index as HTML
  Parameters: {"product_id"=>"1"}
  [1m[36mProduct Load (1.3ms)[0m  [1m[34mSELECT "products".* FROM "products" WHERE "products"."id" = $1 LIMIT $2[0m  [["id", 1], ["LIMIT", 1]]
  ↳ app/controllers/reviews_controller.rb:6:in `index'
  [1m[36mReview Load (1.1ms)[0m  [1m[34mSELECT "reviews".* FROM "reviews" WHERE "reviews"."product_id" = $1[0m  [["product_id", 1]]
  ↳ app/controllers/reviews_controller.rb:8:in `index'
Completed 200 OK in 38ms (Views: 6.3ms | ActiveRecord: 2.8ms | Allocations: 6323)


Started POST "/products/1/reviews" for ::1 at 2021-02-24 22:48:48 -0600
Processing by ReviewsController#create as */*
  Parameters: {"title"=>"Hello", "content"=>"Hello Hello", "author"=>"Sean", "product_id"=>"1", "review"=>{"title"=>"Hello", "content"=>"Hello Hello", "author"=>"Sean"}}
Completed 500 Internal Server Error in 80ms (ActiveRecord: 24.5ms | Allocations: 3326)


  
NoMethodError (undefined method `save' for nil:NilClass):
  
app/controllers/reviews_controller.rb:17:in `create'
Started POST "/products/1/reviews" for ::1 at 2021-02-24 22:49:19 -0600
Processing by ReviewsController#create as */*
  Parameters: {"title"=>"Hello", "content"=>"Hello Hello", "author"=>"Sean", "product_id"=>"1", "review"=>{"title"=>"Hello", "content"=>"Hello Hello", "author"=>"Sean"}}
  [1m[36mTRANSACTION (0.3ms)[0m  [1m[35mBEGIN[0m
  ↳ app/controllers/reviews_controller.rb:17:in `create'
  [1m[36mProduct Load (0.6ms)[0m  [1m[34mSELECT "products".* FROM "products" WHERE "products"."id" = $1 LIMIT $2[0m  [["id", 1], ["LIMIT", 1]]
  ↳ app/controllers/reviews_controller.rb:17:in `create'
  [1m[36mReview Create (1.6ms)[0m  [1m[32mINSERT INTO "reviews" ("title", "content", "author", "created_at", "updated_at", "product_id") VALUES ($1, $2, $3, $4, $5, $6) RETURNING "id"[0m  [["title", "Hello"], ["content", "Hello Hello"], ["author", "Sean"], ["created_at", "2021-02-25 04:49:19.264886"], ["updated_at", "2021-02-25 04:49:19.264886"], ["product_id", 1]]
  ↳ app/controllers/reviews_controller.rb:17:in `create'
  [1m[36mTRANSACTION (1.1ms)[0m  [1m[35mCOMMIT[0m
  ↳ app/controllers/reviews_controller.rb:17:in `create'
Completed 201 Created in 55ms (Views: 0.9ms | ActiveRecord: 22.9ms | Allocations: 9724)


Started PUT "/reviews/1" for ::1 at 2021-02-24 22:57:56 -0600
Processing by ReviewsController#update as */*
  Parameters: {"title"=>"Hello 2", "content"=>"Hello Hello", "author"=>"Sean", "id"=>"1", "review"=>{"title"=>"Hello 2", "content"=>"Hello Hello", "author"=>"Sean"}}
  [1m[36mReview Load (0.9ms)[0m  [1m[34mSELECT "reviews".* FROM "reviews" WHERE "reviews"."id" = $1 LIMIT $2[0m  [["id", 1], ["LIMIT", 1]]
  ↳ app/controllers/reviews_controller.rb:41:in `set_review'
  [1m[36mTRANSACTION (2.0ms)[0m  [1m[35mBEGIN[0m
  ↳ app/controllers/reviews_controller.rb:26:in `update'
  [1m[36mProduct Load (1.1ms)[0m  [1m[34mSELECT "products".* FROM "products" WHERE "products"."id" = $1 LIMIT $2[0m  [["id", 1], ["LIMIT", 1]]
  ↳ app/controllers/reviews_controller.rb:26:in `update'
  [1m[36mReview Update (3.6ms)[0m  [1m[33mUPDATE "reviews" SET "title" = $1, "content" = $2, "author" = $3, "updated_at" = $4 WHERE "reviews"."id" = $5[0m  [["title", "Hello 2"], ["content", "Hello Hello"], ["author", "Sean"], ["updated_at", "2021-02-25 04:57:56.991313"], ["id", 1]]
  ↳ app/controllers/reviews_controller.rb:26:in `update'
  [1m[36mTRANSACTION (0.8ms)[0m  [1m[35mCOMMIT[0m
  ↳ app/controllers/reviews_controller.rb:26:in `update'
Completed 200 OK in 65ms (Views: 1.0ms | ActiveRecord: 25.5ms | Allocations: 9854)


Started DELETE "/reviews/1" for ::1 at 2021-02-24 22:58:04 -0600
Processing by ReviewsController#destroy as */*
  Parameters: {"title"=>"Hello 2", "content"=>"Hello Hello", "author"=>"Sean", "id"=>"1", "review"=>{"title"=>"Hello 2", "content"=>"Hello Hello", "author"=>"Sean"}}
  [1m[36mReview Load (0.7ms)[0m  [1m[34mSELECT "reviews".* FROM "reviews" WHERE "reviews"."id" = $1 LIMIT $2[0m  [["id", 1], ["LIMIT", 1]]
  ↳ app/controllers/reviews_controller.rb:41:in `set_review'
  [1m[36mTRANSACTION (0.3ms)[0m  [1m[35mBEGIN[0m
  ↳ app/controllers/reviews_controller.rb:35:in `destroy'
  [1m[36mReview Destroy (0.7ms)[0m  [1m[31mDELETE FROM "reviews" WHERE "reviews"."id" = $1[0m  [["id", 1]]
  ↳ app/controllers/reviews_controller.rb:35:in `destroy'
  [1m[36mTRANSACTION (0.8ms)[0m  [1m[35mCOMMIT[0m
  ↳ app/controllers/reviews_controller.rb:35:in `destroy'
Completed 204 No Content in 10ms (ActiveRecord: 2.6ms | Allocations: 1850)


Started GET "/reviews" for ::1 at 2021-02-24 22:58:26 -0600
  
ActionController::RoutingError (No route matches [GET] "/reviews"):
  
Started GET "/products" for ::1 at 2021-02-24 22:59:13 -0600
Processing by ProductsController#index as */*
  Parameters: {"title"=>"Hello 2", "content"=>"Hello Hello", "author"=>"Sean", "product"=>{}}
  [1m[36mProduct Load (0.6ms)[0m  [1m[34mSELECT "products".* FROM "products"[0m
  ↳ app/controllers/products_controller.rb:8:in `index'
Completed 200 OK in 10ms (Views: 8.5ms | ActiveRecord: 0.6ms | Allocations: 3087)


